<?xml version="1.0" encoding="UTF-8"?>
<testsuite xmlns:xsi="http://www.w3.org/2001/XMLSchema-instance" xsi:noNamespaceSchemaLocation="https://maven.apache.org/surefire/maven-surefire-plugin/xsd/surefire-test-report.xsd" version="3.0.2" name="com.supporttickets.persistence.TicketJpaRepositoryTest" time="0.448" tests="6" errors="0" skipped="0" failures="0">
  <properties>
[...]
</properties>
  <testcase name="commentsPersistAndLoadInCreatedAtOrder" classname="com.supporttickets.persistence.TicketJpaRepositoryTest" time="0.109">
    <system-out><![CDATA[2026-09-25T02:47:20.889+05:30  INFO 291949 --- [support-ticket-backend] [           main] t.c.s.AnnotationConfigContextLoaderUtils : Could not detect default configuration classes for test class [com.supporttickets.persistence.TicketJpaRepositoryTest]: TicketJpaRepositoryTest does not declare any static, non-private, non-final, nested classes annotated with @Configuration.
2026-09-25T02:47:20.899+05:30  INFO 291949 --- [support-ticket-backend] [           main] .b.t.c.SpringBootTestContextBootstrapper : Found @SpringBootConfiguration com.supporttickets.SupportTicketApplication for test class com.supporttickets.persistence.TicketJpaRepositoryTest

  .   ____          _            __ _ _
 /\\ / ___'_ __ _ _(_)_ __  __ _ \ \ \ \
( ( )\___ | '_ | '_| | '_ \/ _` | \ \ \ \
 \\/  ___)| |_)| | | | | || (_| |  ) ) ) )
  '  |____| .__|_| |_|_| |_\__, | / / / /
 =========|_|==============|___/=/_/_/_/

 :: Spring Boot ::                (v3.4.5)

2026-09-25T02:47:20.923+05:30  INFO 291949 --- [support-ticket-backend] [           main] c.s.persistence.TicketJpaRepositoryTest  : Starting TicketJpaRepositoryTest using Java 21.0.8 with PID 291949 (started by rajat in /home/rajat/Documents/AI Learning/project/support-ticket-management-system/backend)
2026-09-25T02:47:20.924+05:30  INFO 291949 --- [support-ticket-backend] [           main] c.s.persistence.TicketJpaRepositoryTest  : The following 1 profile is active: "test"
2026-09-25T02:47:20.984+05:30  INFO 291949 --- [support-ticket-backend] [           main] .s.d.r.c.RepositoryConfigurationDelegate : Bootstrapping Spring Data JPA repositories in DEFAULT mode.
2026-09-25T02:47:20.995+05:30  INFO 291949 --- [support-ticket-backend] [           main] .s.d.r.c.RepositoryConfigurationDelegate : Finished Spring Data repository scanning in 9 ms. Found 2 JPA repository interfaces.
2026-09-25T02:47:21.007+05:30  INFO 291949 --- [support-ticket-backend] [           main] beddedDataSourceBeanFactoryPostProcessor : Replacing 'dataSource' DataSource bean with embedded version
2026-09-25T02:47:21.025+05:30  INFO 291949 --- [support-ticket-backend] [           main] o.s.j.d.e.EmbeddedDatabaseFactory        : Starting embedded database: url='jdbc:h2:mem:8782f194-95e0-4e46-84fa-f9545aedeb72;DB_CLOSE_DELAY=-1;DB_CLOSE_ON_EXIT=false', username='sa'
2026-09-25T02:47:21.045+05:30  INFO 291949 --- [support-ticket-backend] [           main] o.hibernate.jpa.internal.util.LogHelper  : HHH000204: Processing PersistenceUnitInfo [name: default]
2026-09-25T02:47:21.046+05:30  INFO 291949 --- [support-ticket-backend] [           main] o.h.c.internal.RegionFactoryInitiator    : HHH000026: Second-level cache disabled
2026-09-25T02:47:21.053+05:30  INFO 291949 --- [support-ticket-backend] [           main] o.s.o.j.p.SpringPersistenceUnitInfo      : No LoadTimeWeaver setup: ignoring JPA class transformer
2026-09-25T02:47:21.054+05:30  WARN 291949 --- [support-ticket-backend] [           main] org.hibernate.orm.deprecation            : HHH90000025: H2Dialect does not need to be specified explicitly using 'hibernate.dialect' (remove the property setting and it will be selected by default)
2026-09-25T02:47:21.055+05:30  INFO 291949 --- [support-ticket-backend] [           main] org.hibernate.orm.connections.pooling    : HHH10001005: Database info:
	Database JDBC URL [Connecting through datasource 'org.springframework.jdbc.datasource.embedded.EmbeddedDatabaseFactory$EmbeddedDataSourceProxy@2d2da013']
	Database driver: undefined/unknown
	Database version: 2.3.232
	Autocommit mode: undefined/unknown
	Isolation level: undefined/unknown
	Minimum pool size: undefined/unknown
	Maximum pool size: undefined/unknown
2026-09-25T02:47:21.078+05:30  INFO 291949 --- [support-ticket-backend] [           main] o.h.e.t.j.p.i.JtaPlatformInitiator       : HHH000489: No JTA platform available (set 'hibernate.transaction.jta.platform' to enable JTA platform integration)
Hibernate: drop table if exists comment cascade 
Hibernate: drop table if exists ticket cascade 
Hibernate: create table comment (created_at timestamp(6) with time zone not null, id uuid not null, ticket_id uuid not null, author varchar(255), body text not null, primary key (id))
Hibernate: create table ticket (created_at timestamp(6) with time zone not null, updated_at timestamp(6) with time zone not null, id uuid not null, priority varchar(32), status varchar(32) not null, assignee varchar(255), description text, title varchar(255) not null, primary key (id))
Hibernate: create index idx_comment_ticket_id on comment (ticket_id)
Hibernate: create index idx_comment_ticket_created on comment (ticket_id, created_at)
Hibernate: create index idx_ticket_status on ticket (status)
Hibernate: create index idx_ticket_created_at on ticket (created_at)
Hibernate: alter table if exists comment add constraint FKsyf8wt2qb7rhcau6v3p4axrba foreign key (ticket_id) references ticket
2026-09-25T02:47:21.107+05:30  INFO 291949 --- [support-ticket-backend] [           main] j.LocalContainerEntityManagerFactoryBean : Initialized JPA EntityManagerFactory for persistence unit 'default'
2026-09-25T02:47:21.143+05:30  INFO 291949 --- [support-ticket-backend] [           main] c.s.persistence.TicketJpaRepositoryTest  : Started TicketJpaRepositoryTest in 0.24 seconds (process running for 7.297)
Hibernate: select te1_0.id,te1_0.assignee,te1_0.created_at,te1_0.description,te1_0.priority,te1_0.status,te1_0.title,te1_0.updated_at from ticket te1_0 where te1_0.id=?
Hibernate: select ce1_0.id,ce1_0.author,ce1_0.body,ce1_0.created_at,ce1_0.ticket_id from comment ce1_0 where ce1_0.id=?
Hibernate: select ce1_0.id,ce1_0.author,ce1_0.body,ce1_0.created_at,ce1_0.ticket_id from comment ce1_0 where ce1_0.id=?
Hibernate: insert into ticket (assignee,created_at,description,priority,status,title,updated_at,id) values (?,?,?,?,?,?,?,?)
Hibernate: insert into comment (author,body,created_at,ticket_id,id) values (?,?,?,?,?)
Hibernate: insert into comment (author,body,created_at,ticket_id,id) values (?,?,?,?,?)
Hibernate: select ce1_0.id,ce1_0.author,ce1_0.body,ce1_0.created_at,ce1_0.ticket_id from comment ce1_0 join ticket t1_0 on t1_0.id=ce1_0.ticket_id where t1_0.id=? order by ce1_0.created_at
]]></system-out>
  </testcase>
  <testcase name="keywordAndStatusCombineWithAnd" classname="com.supporttickets.persistence.TicketJpaRepositoryTest" time="0.018">
    <system-out><![CDATA[Hibernate: select te1_0.id,te1_0.assignee,te1_0.created_at,te1_0.description,te1_0.priority,te1_0.status,te1_0.title,te1_0.updated_at from ticket te1_0 where te1_0.id=?
Hibernate: select te1_0.id,te1_0.assignee,te1_0.created_at,te1_0.description,te1_0.priority,te1_0.status,te1_0.title,te1_0.updated_at from ticket te1_0 where te1_0.id=?
Hibernate: select te1_0.id,te1_0.assignee,te1_0.created_at,te1_0.description,te1_0.priority,te1_0.status,te1_0.title,te1_0.updated_at from ticket te1_0 where te1_0.id=?
Hibernate: select te1_0.id,te1_0.assignee,te1_0.created_at,te1_0.description,te1_0.priority,te1_0.status,te1_0.title,te1_0.updated_at from ticket te1_0 where te1_0.id=?
Hibernate: select te1_0.id,te1_0.assignee,te1_0.created_at,te1_0.description,te1_0.priority,te1_0.status,te1_0.title,te1_0.updated_at from ticket te1_0 where te1_0.id=?
Hibernate: insert into ticket (assignee,created_at,description,priority,status,title,updated_at,id) values (?,?,?,?,?,?,?,?)
Hibernate: insert into ticket (assignee,created_at,description,priority,status,title,updated_at,id) values (?,?,?,?,?,?,?,?)
Hibernate: insert into ticket (assignee,created_at,description,priority,status,title,updated_at,id) values (?,?,?,?,?,?,?,?)
Hibernate: insert into ticket (assignee,created_at,description,priority,status,title,updated_at,id) values (?,?,?,?,?,?,?,?)
Hibernate: insert into ticket (assignee,created_at,description,priority,status,title,updated_at,id) values (?,?,?,?,?,?,?,?)
Hibernate: select te1_0.id,te1_0.assignee,te1_0.created_at,te1_0.description,te1_0.priority,te1_0.status,te1_0.title,te1_0.updated_at from ticket te1_0 where te1_0.status=? and (lower(te1_0.title) like lower(('%'||?||'%')) escape '' or lower(coalesce(te1_0.description,'')) like lower(('%'||?||'%')) escape '') order by te1_0.created_at desc
Hibernate: select te1_0.id,te1_0.assignee,te1_0.created_at,te1_0.description,te1_0.priority,te1_0.status,te1_0.title,te1_0.updated_at from ticket te1_0 where te1_0.status=? and (lower(te1_0.title) like lower(('%'||?||'%')) escape '' or lower(coalesce(te1_0.description,'')) like lower(('%'||?||'%')) escape '') order by te1_0.created_at desc
]]></system-out>
  </testcase>
  <testcase name="listingReturnsAllTickets" classname="com.supporttickets.persistence.TicketJpaRepositoryTest" time="0.012">
    <system-out><![CDATA[Hibernate: select te1_0.id,te1_0.assignee,te1_0.created_at,te1_0.description,te1_0.priority,te1_0.status,te1_0.title,te1_0.updated_at from ticket te1_0 where te1_0.id=?
Hibernate: select te1_0.id,te1_0.assignee,te1_0.created_at,te1_0.description,te1_0.priority,te1_0.status,te1_0.title,te1_0.updated_at from ticket te1_0 where te1_0.id=?
Hibernate: select te1_0.id,te1_0.assignee,te1_0.created_at,te1_0.description,te1_0.priority,te1_0.status,te1_0.title,te1_0.updated_at from ticket te1_0 where te1_0.id=?
Hibernate: select te1_0.id,te1_0.assignee,te1_0.created_at,te1_0.description,te1_0.priority,te1_0.status,te1_0.title,te1_0.updated_at from ticket te1_0 where te1_0.id=?
Hibernate: select te1_0.id,te1_0.assignee,te1_0.created_at,te1_0.description,te1_0.priority,te1_0.status,te1_0.title,te1_0.updated_at from ticket te1_0 where te1_0.id=?
Hibernate: insert into ticket (assignee,created_at,description,priority,status,title,updated_at,id) values (?,?,?,?,?,?,?,?)
Hibernate: insert into ticket (assignee,created_at,description,priority,status,title,updated_at,id) values (?,?,?,?,?,?,?,?)
Hibernate: insert into ticket (assignee,created_at,description,priority,status,title,updated_at,id) values (?,?,?,?,?,?,?,?)
Hibernate: insert into ticket (assignee,created_at,description,priority,status,title,updated_at,id) values (?,?,?,?,?,?,?,?)
Hibernate: insert into ticket (assignee,created_at,description,priority,status,title,updated_at,id) values (?,?,?,?,?,?,?,?)
Hibernate: select te1_0.id,te1_0.assignee,te1_0.created_at,te1_0.description,te1_0.priority,te1_0.status,te1_0.title,te1_0.updated_at from ticket te1_0 order by te1_0.created_at desc
]]></system-out>
  </testcase>
  <testcase name="statusFilterReturnsOnlyMatchingStatus" classname="com.supporttickets.persistence.TicketJpaRepositoryTest" time="0.013">
    <system-out><![CDATA[Hibernate: select te1_0.id,te1_0.assignee,te1_0.created_at,te1_0.description,te1_0.priority,te1_0.status,te1_0.title,te1_0.updated_at from ticket te1_0 where te1_0.id=?
Hibernate: select te1_0.id,te1_0.assignee,te1_0.created_at,te1_0.description,te1_0.priority,te1_0.status,te1_0.title,te1_0.updated_at from ticket te1_0 where te1_0.id=?
Hibernate: select te1_0.id,te1_0.assignee,te1_0.created_at,te1_0.description,te1_0.priority,te1_0.status,te1_0.title,te1_0.updated_at from ticket te1_0 where te1_0.id=?
Hibernate: select te1_0.id,te1_0.assignee,te1_0.created_at,te1_0.description,te1_0.priority,te1_0.status,te1_0.title,te1_0.updated_at from ticket te1_0 where te1_0.id=?
Hibernate: select te1_0.id,te1_0.assignee,te1_0.created_at,te1_0.description,te1_0.priority,te1_0.status,te1_0.title,te1_0.updated_at from ticket te1_0 where te1_0.id=?
Hibernate: insert into ticket (assignee,created_at,description,priority,status,title,updated_at,id) values (?,?,?,?,?,?,?,?)
Hibernate: insert into ticket (assignee,created_at,description,priority,status,title,updated_at,id) values (?,?,?,?,?,?,?,?)
Hibernate: insert into ticket (assignee,created_at,description,priority,status,title,updated_at,id) values (?,?,?,?,?,?,?,?)
Hibernate: insert into ticket (assignee,created_at,description,priority,status,title,updated_at,id) values (?,?,?,?,?,?,?,?)
Hibernate: insert into ticket (assignee,created_at,description,priority,status,title,updated_at,id) values (?,?,?,?,?,?,?,?)
Hibernate: select te1_0.id,te1_0.assignee,te1_0.created_at,te1_0.description,te1_0.priority,te1_0.status,te1_0.title,te1_0.updated_at from ticket te1_0 where te1_0.status=? order by te1_0.created_at desc
Hibernate: select te1_0.id,te1_0.assignee,te1_0.created_at,te1_0.description,te1_0.priority,te1_0.status,te1_0.title,te1_0.updated_at from ticket te1_0 where te1_0.status=? order by te1_0.created_at desc
]]></system-out>
  </testcase>
  <testcase name="lookupById" classname="com.supporttickets.persistence.TicketJpaRepositoryTest" time="0.011">
    <system-out><![CDATA[Hibernate: select te1_0.id,te1_0.assignee,te1_0.created_at,te1_0.description,te1_0.priority,te1_0.status,te1_0.title,te1_0.updated_at from ticket te1_0 where te1_0.id=?
Hibernate: select te1_0.id,te1_0.assignee,te1_0.created_at,te1_0.description,te1_0.priority,te1_0.status,te1_0.title,te1_0.updated_at from ticket te1_0 where te1_0.id=?
]]></system-out>
  </testcase>
  <testcase name="keywordSearchIsCaseInsensitivePartialMatchOnTitleAndDescription" classname="com.supporttickets.persistence.TicketJpaRepositoryTest" time="0.021">
    <system-out><![CDATA[Hibernate: select te1_0.id,te1_0.assignee,te1_0.created_at,te1_0.description,te1_0.priority,te1_0.status,te1_0.title,te1_0.updated_at from ticket te1_0 where te1_0.id=?
Hibernate: select te1_0.id,te1_0.assignee,te1_0.created_at,te1_0.description,te1_0.priority,te1_0.status,te1_0.title,te1_0.updated_at from ticket te1_0 where te1_0.id=?
Hibernate: select te1_0.id,te1_0.assignee,te1_0.created_at,te1_0.description,te1_0.priority,te1_0.status,te1_0.title,te1_0.updated_at from ticket te1_0 where te1_0.id=?
Hibernate: select te1_0.id,te1_0.assignee,te1_0.created_at,te1_0.description,te1_0.priority,te1_0.status,te1_0.title,te1_0.updated_at from ticket te1_0 where te1_0.id=?
Hibernate: select te1_0.id,te1_0.assignee,te1_0.created_at,te1_0.description,te1_0.priority,te1_0.status,te1_0.title,te1_0.updated_at from ticket te1_0 where te1_0.id=?
Hibernate: insert into ticket (assignee,created_at,description,priority,status,title,updated_at,id) values (?,?,?,?,?,?,?,?)
Hibernate: insert into ticket (assignee,created_at,description,priority,status,title,updated_at,id) values (?,?,?,?,?,?,?,?)
Hibernate: insert into ticket (assignee,created_at,description,priority,status,title,updated_at,id) values (?,?,?,?,?,?,?,?)
Hibernate: insert into ticket (assignee,created_at,description,priority,status,title,updated_at,id) values (?,?,?,?,?,?,?,?)
Hibernate: insert into ticket (assignee,created_at,description,priority,status,title,updated_at,id) values (?,?,?,?,?,?,?,?)
Hibernate: select te1_0.id,te1_0.assignee,te1_0.created_at,te1_0.description,te1_0.priority,te1_0.status,te1_0.title,te1_0.updated_at from ticket te1_0 where lower(te1_0.title) like lower(('%'||?||'%')) escape '' or lower(coalesce(te1_0.description,'')) like lower(('%'||?||'%')) escape '' order by te1_0.created_at desc
Hibernate: select te1_0.id,te1_0.assignee,te1_0.created_at,te1_0.description,te1_0.priority,te1_0.status,te1_0.title,te1_0.updated_at from ticket te1_0 where lower(te1_0.title) like lower(('%'||?||'%')) escape '' or lower(coalesce(te1_0.description,'')) like lower(('%'||?||'%')) escape '' order by te1_0.created_at desc
Hibernate: select te1_0.id,te1_0.assignee,te1_0.created_at,te1_0.description,te1_0.priority,te1_0.status,te1_0.title,te1_0.updated_at from ticket te1_0 where lower(te1_0.title) like lower(('%'||?||'%')) escape '' or lower(coalesce(te1_0.description,'')) like lower(('%'||?||'%')) escape '' order by te1_0.created_at desc
]]></system-out>
  </testcase>
</testsuite>